android/app/proguard-rules.pro
-dontwarn com.google.androidbrowserhelper.**