android/app/build/outputs/mapping/release/seeds.txt
androidx.annotation.Keep
androidx.core.app.CoreComponentFactory
androidx.core.app.RemoteActionCompat
androidx.lifecycle.CompositeGeneratedAdaptersObserver
android.support.v4.graphics.drawable.IconCompatParcelizer
androidx.versionedparcelable.ParcelImpl
androidx.core.graphics.drawable.IconCompatParcelizer
androidx.core.graphics.drawable.IconCompat
androidx.core.app.RemoteActionCompatParcelizer
android.support.v4.app.RemoteActionCompatParcelizer
androidx.lifecycle.FullLifecycleObserverAdapter
androidx.lifecycle.ReflectiveGenericLifecycleObserver
androidx.versionedparcelable.CustomVersionedParcelable
androidx.lifecycle.SingleGeneratedAdapterObserver
com.google.androidbrowserhelper.trusted.LauncherActivity
androidx.browser.browseractions.BrowserActionsFallbackMenuView
androidx.versionedparcelable.ParcelImpl: android.os.Parcelable$Creator CREATOR
androidx.browser.browseractions.BrowserActionsFallbackMenuView: BrowserActionsFallbackMenuView(android.content.Context,android.util.AttributeSet)
android.support.v4.app.RemoteActionCompatParcelizer: androidx.core.app.RemoteActionCompat read(androidx.versionedparcelable.VersionedParcel)
androidx.core.graphics.drawable.IconCompatParcelizer: androidx.core.graphics.drawable.IconCompat read(androidx.versionedparcelable.VersionedParcel)
androidx.versionedparcelable.CustomVersionedParcelable: CustomVersionedParcelable()
android.support.v4.app.RemoteActionCompatParcelizer: void write(androidx.core.app.RemoteActionCompat,androidx.versionedparcelable.VersionedParcel)
androidx.core.graphics.drawable.IconCompatParcelizer: IconCompatParcelizer()
androidx.core.app.RemoteActionCompatParcelizer: androidx.core.app.RemoteActionCompat read(androidx.versionedparcelable.VersionedParcel)
androidx.core.app.RemoteActionCompat: RemoteActionCompat()
android.support.v4.graphics.drawable.IconCompatParcelizer: androidx.core.graphics.drawable.IconCompat read(androidx.versionedparcelable.VersionedParcel)
androidx.core.app.RemoteActionCompatParcelizer: RemoteActionCompatParcelizer()
android.support.v4.graphics.drawable.IconCompatParcelizer: IconCompatParcelizer()
androidx.core.app.RemoteActionCompatParcelizer: void write(androidx.core.app.RemoteActionCompat,androidx.versionedparcelable.VersionedParcel)
androidx.core.graphics.drawable.IconCompat: IconCompat()
androidx.core.graphics.drawable.IconCompatParcelizer: void write(androidx.core.graphics.drawable.IconCompat,androidx.versionedparcelable.VersionedParcel)
android.support.v4.app.RemoteActionCompatParcelizer: RemoteActionCompatParcelizer()
android.support.v4.graphics.drawable.IconCompatParcelizer: void write(androidx.core.graphics.drawable.IconCompat,androidx.versionedparcelable.VersionedParcel)
com.google.androidbrowserhelper.trusted.LauncherActivity: LauncherActivity()
androidx.core.app.CoreComponentFactory: CoreComponentFactory()