android/app/build/outputs/mapping/release/mapping.txt
# compiler: R8
# compiler_version: 8.2.47
# min_api: 21
# common_typos_disable
# {"id":"com.android.tools.r8.mapping","version":"2.2"}
# pg_map_id: 9802f08
# pg_map_hash: SHA-256 9802f085ef2ffa843d9c8847c8aaa59070925fcbcffee71432e30d17245453ac
...
androidx.browser.trusted.sharing.ShareData -> d.a:
# {"id":"sourceFile","fileName":"ShareData.java"}
    int $r8$classId -> a
      # {"id":"com.android.tools.r8.synthesized"}
    java.lang.String title -> b
    java.lang.String text -> c
    java.util.List uris -> d
    1:12:void androidx.browser.trusted.sharing.ShareData.<init>(java.lang.String,java.lang.String,java.util.List):0:0 -> <init>
    1:12:void $r8$init$synthetic(java.lang.String,java.lang.String,java.util.List,int):0 -> <init>
      # {"id":"com.android.tools.r8.synthesized"}
    16:52:android.os.Bundle androidx.browser.trusted.sharing.ShareTarget$Params.toBundle():0:0 -> a
    16:52:android.os.Bundle toBundle$bridge():0 -> a
      # {"id":"com.android.tools.r8.synthesized"}
    53:76:android.os.Bundle androidx.browser.trusted.sharing.ShareTarget$FileFormField.toBundle():0:0 -> a
    53:76:android.os.Bundle androidx.browser.trusted.sharing.ShareTarget$Params.toBundle():0 -> a
    53:76:android.os.Bundle toBundle$bridge():0 -> a
    77:86:android.os.Bundle androidx.browser.trusted.sharing.ShareTarget$Params.toBundle():0:0 -> a
    77:86:android.os.Bundle toBundle$bridge():0 -> a
    87:110:android.os.Bundle androidx.browser.trusted.sharing.ShareData.toBundle():0:0 -> a
    87:110:android.os.Bundle toBundle$bridge():0 -> a
androidx.browser.trusted.sharing.ShareTarget -> R8$$REMOVED$$CLASS$$9:
# {"id":"sourceFile","fileName":"ShareTarget.java"}
androidx.browser.trusted.sharing.ShareTarget$FileFormField -> d.b:
# {"id":"sourceFile","fileName":"ShareTarget.java"}
    java.lang.String name -> a
    java.util.List acceptedTypes -> b
    1:1:void <init>(java.lang.String,java.util.List):0:0 -> <init>
androidx.browser.trusted.sharing.ShareTarget$Params -> R8$$REMOVED$$CLASS$$8:
# {"id":"sourceFile","fileName":"ShareTarget.java"}
androidx.collection.ArrayMap -> e.a:
# {"id":"sourceFile","fileName":"ArrayMap.java"}
    int[] androidx.collection.SimpleArrayMap.mHashes -> a
    java.lang.Object[] androidx.collection.SimpleArrayMap.mArray -> b
    int androidx.collection.SimpleArrayMap.mSize -> c
    androidx.collection.MapCollections mCollections -> d
      # {"id":"com.android.tools.r8.residualsignature","signature":"Lb/i;"}
    java.lang.Object[] androidx.collection.SimpleArrayMap.mBaseCache -> e
    int androidx.collection.SimpleArrayMap.mBaseCacheSize -> f
    java.lang.Object[] androidx.collection.SimpleArrayMap.mTwiceBaseCache -> g
    int androidx.collection.SimpleArrayMap.mTwiceBaseCacheSize -> h
    1:15:void androidx.collection.SimpleArrayMap.<init>():0:0 -> <init>
    1:15:void <init>():0 -> <init>
    10:96:void androidx.collection.SimpleArrayMap.allocArrays(int):0:0 -> a
    10:96:void allocArrays(int):0 -> a
      # {"id":"com.android.tools.r8.synthesized"}
    1:1:int androidx.collection.ContainerHelpers.binarySearch(int[],int,int):0:0 -> b
    1:1:int androidx.collection.SimpleArrayMap.binarySearchHashes(int[],int,int):0 -> b
    2:2:int androidx.collection.SimpleArrayMap.binarySearchHashes(int[],int,int):0:0 -> b
    1:1:void androidx.collection.SimpleArrayMap.clear():0:0 -> c
    1:4:void clear():0:0 -> clear
      # {"id":"com.android.tools.r8.synthesized"}
    1:5:boolean containsKey(java.lang.Object):0:0 -> containsKey
      # {"id":"com.android.tools.r8.synthesized"}
androidx.collection.ArrayMap$1 -> R8$$REMOVED$$CLASS$$10:
# {"id":"sourceFile","fileName":"ArrayMap.java"}
androidx.collection.ContainerHelpers -> e.b:
# {"id":"sourceFile","fileName":"ContainerHelpers.java"}
    int[] EMPTY_INTS -> a
    java.lang.Object[] EMPTY_OBJECTS -> b
    1:1:void <clinit>():0:0 -> <clinit>
androidx.collection.MapCollections -> R8$$REMOVED$$CLASS$$12:
# {"id":"sourceFile","fileName":"MapCollections.java"}