android/app/build/outputs/mapping/release/usage.txt
com.loksewahub.app.R$drawable
com.loksewahub.app.R$mipmap
com.loksewahub.app.R$string
com.loksewahub.app.R$style
com.loksewahub.app.R
...
androidx.core.app.FrameMetricsAggregator$FrameMetricsApi24Impl$1
androidx.core.app.FrameMetricsAggregator$FrameMetricsApi24Impl
androidx.core.app.FrameMetricsAggregator$FrameMetricsBaseImpl
androidx.core.app.FrameMetricsAggregator$MetricType
androidx.core.app.FrameMetricsAggregator
androidx.core.app.JobIntentService$CommandProcessor
androidx.core.app.JobIntentService$CompatJobEngine
androidx.core.app.JobIntentService$CompatWorkEnqueuer
androidx.core.app.JobIntentService$CompatWorkItem
androidx.core.app.JobIntentService$GenericWorkItem
androidx.core.app.JobIntentService$JobServiceEngineImpl$WrapperWorkItem
androidx.core.app.JobIntentService$JobServiceEngineImpl
androidx.core.app.JobIntentService$JobWorkEnqueuer
androidx.core.app.JobIntentService$WorkEnqueuer
androidx.core.app.JobIntentService
androidx.core.app.NavUtils
androidx.core.app.NotificationBuilderWithBuilderAccessor
androidx.core.app.NotificationCompat$Action$Builder
androidx.core.app.NotificationCompat$Action$Extender
androidx.core.app.NotificationCompat$Action$SemanticAction
androidx.core.app.NotificationCompat$Action$WearableExtender
androidx.core.app.NotificationCompat$Action
androidx.core.app.NotificationCompat$BadgeIconType
androidx.core.app.NotificationCompat$BigPictureStyle
androidx.core.app.NotificationCompat$BigTextStyle
androidx.core.app.NotificationCompat$Builder
androidx.core.app.NotificationCompat$CarExtender$UnreadConversation$Builder
androidx.core.app.NotificationCompat$CarExtender$UnreadConversation
androidx.core.app.NotificationCompat$CarExtender
androidx.core.app.NotificationCompat$DecoratedCustomViewStyle
androidx.core.app.NotificationCompat$Extender
androidx.core.app.NotificationCompat$GroupAlertBehavior
androidx.core.app.NotificationCompat$InboxStyle
androidx.core.app.NotificationCompat$MessagingStyle$Message
androidx.core.app.NotificationCompat$MessagingStyle
androidx.core.app.NotificationCompat$NotificationVisibility
androidx.core.app.NotificationCompat$StreamType
androidx.core.app.NotificationCompat$Style
androidx.core.app.NotificationCompat$WearableExtender
androidx.core.app.NotificationCompat
androidx.core.app.NotificationCompatBuilder
androidx.core.app.NotificationCompatExtras
androidx.core.app.NotificationCompatJellybean
androidx.core.app.NotificationCompatSideChannelService$NotificationSideChannelStub
androidx.core.app.NotificationCompatSideChannelService
androidx.core.app.NotificationManagerCompat$CancelTask
androidx.core.app.NotificationManagerCompat$NotifyTask
androidx.core.app.NotificationManagerCompat$ServiceConnectedEvent
androidx.core.app.NotificationManagerCompat$SideChannelManager$ListenerRecord
androidx.core.app.NotificationManagerCompat$SideChannelManager
androidx.core.app.NotificationManagerCompat$Task
androidx.core.app.NotificationManagerCompat
androidx.core.app.Person$Builder
androidx.core.app.Person
androidx.core.app.RemoteActionCompat:
    public void <init>(androidx.core.app.RemoteActionCompat)
    public void <init>(androidx.core.graphics.drawable.IconCompat,java.lang.CharSequence,java.lang.CharSequence,android.app.PendingIntent)
    public static androidx.core.app.RemoteActionCompat createFromRemoteAction(android.app.RemoteAction)
    public android.app.PendingIntent getActionIntent()
    public java.lang.CharSequence getContentDescription()
    public androidx.core.graphics.drawable.IconCompat getIcon()
    public java.lang.CharSequence getTitle()
    public boolean isEnabled()
    public void setEnabled(boolean)
    public void setShouldShowIcon(boolean)
    public boolean shouldShowIcon()
    public android.app.RemoteAction toRemoteAction()
androidx.core.app.RemoteInput$Builder
androidx.core.app.RemoteInput$Source
androidx.core.app.RemoteInput
androidx.core.app.ServiceCompat$StopForegroundFlags
androidx.core.app.ServiceCompat
androidx.core.app.ShareCompat$IntentBuilder
androidx.core.app.ShareCompat$IntentReader
androidx.core.app.ShareCompat
androidx.core.app.SharedElementCallback$OnSharedElementsReadyListener